C51 COMPILER V9.60.7.0   LIGHT_UP_NUMBERS_LED_MATEIX                                       01/25/2025 14:32:40 PAGE 1   


C51 COMPILER V9.60.7.0, COMPILATION OF MODULE LIGHT_UP_NUMBERS_LED_MATEIX
OBJECT MODULE PLACED IN .\Objects\light_up_numbers_LED_mateix.obj
COMPILER INVOKED BY: D:\Applications\Keil5-C51\C51\BIN\C51.EXE light_up_numbers_LED_mateix.c OPTIMIZE(8,SPEED) BROWSE DE
                    -BUG OBJECTEXTEND PRINT(.\Listings\light_up_numbers_LED_mateix.lst) OBJECT(.\Objects\light_up_numbers_LED_mateix.obj)

line level    source

   1          #include "reg52.h"
   2          
   3          
   4          typedef unsigned char u8;
   5          typedef unsigned int u16;
   6          
   7          
   8          sbit SRCLK = P3^6;
   9          sbit rCLK = P3^5;
  10          sbit SER = P3^4;
  11          
  12          
  13          #define LED_MATRIX_COLUMB_PORT P0
  14          
  15          
  16          u8 g_led_row[] = {0x00, 0x7c, 0x82, 0x82, 0x82, 0x7c, 0x00, 0x00};
  17          u8 g_led_column[] = {0x7f, 0xbf, 0xdf, 0xef, 0xf7, 0xfb, 0xfd, 0xfe};
  18          
  19          
  20          void delay(u16 time) {
  21   1              while (time--);
  22   1      }
  23          
  24          
  25          void chip_74hc595_send_data(u8 input) {
  26   1              u8 i = 0;
  27   1              
  28   1              for (i = 0 ; i < 8 ; i++) {
  29   2                      SER = input >> 7;
  30   2                      input = input << 1;
  31   2                      
  32   2                      SRCLK = 0;
  33   2                      delay(1);
  34   2                      SRCLK = 1;
  35   2                      delay(1);
  36   2              }
  37   1              
  38   1              rCLK = 0;
  39   1              delay(1);
  40   1              rCLK = 1;
  41   1              delay(1);
  42   1      }
  43          
  44          
  45          void main() {
  46   1              
  47   1              u8 i = 0;
  48   1              
  49   1              while (1) {
  50   2                      for (i = 0 ; i < 8 ; i++) {
  51   3                              LED_MATRIX_COLUMB_PORT = g_led_column[i];
  52   3                              chip_74hc595_send_data(g_led_row[i]);
  53   3                              delay(10000);
  54   3                              chip_74hc595_send_data(0x00);
C51 COMPILER V9.60.7.0   LIGHT_UP_NUMBERS_LED_MATEIX                                       01/25/2025 14:32:40 PAGE 2   

  55   3                      }
  56   2              }
  57   1      }


MODULE INFORMATION:   STATIC OVERLAYABLE
   CODE SIZE        =     98    ----
   CONSTANT SIZE    =   ----    ----
   XDATA SIZE       =   ----    ----
   PDATA SIZE       =   ----    ----
   DATA SIZE        =     16    ----
   IDATA SIZE       =   ----    ----
   BIT SIZE         =   ----    ----
END OF MODULE INFORMATION.


C51 COMPILATION COMPLETE.  0 WARNING(S),  0 ERROR(S)
