C51 COMPILER V9.60.7.0   DIGITAL_TUBE_DYNAMIC                                              01/12/2025 22:02:04 PAGE 1   


C51 COMPILER V9.60.7.0, COMPILATION OF MODULE DIGITAL_TUBE_DYNAMIC
OBJECT MODULE PLACED IN .\Objects\digital_tube_dynamic.obj
COMPILER INVOKED BY: D:\Applications\Keil5-C51\C51\BIN\C51.EXE digital_tube_dynamic.c OPTIMIZE(8,SPEED) BROWSE DEBUG OBJ
                    -ECTEXTEND PRINT(.\Listings\digital_tube_dynamic.lst) OBJECT(.\Objects\digital_tube_dynamic.obj)

line level    source

   1          #include "reg52.h"
   2          
   3          
   4          typedef unsigned char u8;
   5          typedef unsigned int u16;
   6          
   7          
   8          #define DIGITAL_TUBE_A_DP_PORT P0
   9          sbit LSA = P2^2;
  10          sbit LSB = P2^3;
  11          sbit LSC = P2^4;
  12          
  13          
  14          u8 g_digital_tube_number[] = {0x3f, 0x06, 0x5b, 0x4f, 0x66, 0x6d, 0x7d, 0x07, 0x8f, 0x6f, 0x77, 0x7c, 0x39
             -, 0x5e, 0x79, 0x71};
  15          
  16          
  17          void delay(u16 number) {
  18   1              while (number--);
  19   1      }
  20          
  21          
  22          void digital_tube_display(void) {
  23   1              u8 i = 0;
  24   1              for (i = 7 ; i >= 0 ; i--) {
  25   2                      switch (i) {
  26   3                              case 0:
  27   3                                      LSC = 1;
  28   3                                      LSB = 1;
  29   3                                      LSA = 1;
  30   3                                      break;
  31   3                              
  32   3                              case 1:
  33   3                                      LSC = 1;
  34   3                                      LSB = 1;
  35   3                                      LSA = 0;
  36   3                                      break;
  37   3                              
  38   3                              case 2:
  39   3                                      LSC = 1;
  40   3                                      LSB = 0;
  41   3                                      LSA = 1;
  42   3                                      break;
  43   3                              
  44   3                              case 3:
  45   3                                      LSC = 1;
  46   3                                      LSB = 0;
  47   3                                      LSA = 0;
  48   3                                      break;
  49   3                              
  50   3                              case 4:
  51   3                                      LSC = 0;
  52   3                                      LSB = 1;
  53   3                                      LSA = 1;
C51 COMPILER V9.60.7.0   DIGITAL_TUBE_DYNAMIC                                              01/12/2025 22:02:04 PAGE 2   

  54   3                                      break;
  55   3                              
  56   3                              case 5:
  57   3                                      LSC = 0;
  58   3                                      LSB = 1;
  59   3                                      LSA = 0;
  60   3                                      break;
  61   3                              
  62   3                              case 6:
  63   3                                      LSC = 0;
  64   3                                      LSB = 0;
  65   3                                      LSA = 1;
  66   3                                      break;
  67   3                              
  68   3                              case 7:
  69   3                                      LSC = 0;
  70   3                                      LSB = 0;
  71   3                                      LSA = 0;
  72   3                                      break;
  73   3                                      
  74   3                      }
  75   2                      
  76   2                      DIGITAL_TUBE_A_DP_PORT = g_digital_tube_number[7 - i];
  77   2                      delay(100);
  78   2                      DIGITAL_TUBE_A_DP_PORT = 0x00;
  79   2              }
  80   1      }
  81          
  82          
  83          void main() {
  84   1              digital_tube_display();
  85   1      
  86   1      }


MODULE INFORMATION:   STATIC OVERLAYABLE
   CODE SIZE        =    127    ----
   CONSTANT SIZE    =   ----    ----
   XDATA SIZE       =   ----    ----
   PDATA SIZE       =   ----    ----
   DATA SIZE        =     16    ----
   IDATA SIZE       =   ----    ----
   BIT SIZE         =   ----    ----
END OF MODULE INFORMATION.


C51 COMPILATION COMPLETE.  0 WARNING(S),  0 ERROR(S)
