C51 COMPILER V9.60.7.0   MAIN                                                              08/14/2024 17:43:31 PAGE 1   


C51 COMPILER V9.60.7.0, COMPILATION OF MODULE MAIN
OBJECT MODULE PLACED IN .\Objects\main.obj
COMPILER INVOKED BY: D:\Applications\Keil5-C51\C51\BIN\C51.EXE main.c OPTIMIZE(8,SPEED) BROWSE DEBUG OBJECTEXTEND PRINT(
                    -.\Listings\main.lst) OBJECT(.\Objects\main.obj)

line level    source

   1          #include "reg52.h"
   2          
   3          #define LED_PORT        P2
   4          
   5          
   6          void delay(int time) {
   7   1              while (time--);
   8   1      }
   9          
  10          
  11          int main() {
  12   1              
  13   1              
  14   1              
  15   1              while (1) {
  16   2                      char i = 0;
  17   2                      for (; i < 8 ; i++) {
  18   3                              LED_PORT = ~(0x1<<i);
  19   3                              delay(50000);
  20   3                      }
  21   2              }
  22   1      }


MODULE INFORMATION:   STATIC OVERLAYABLE
   CODE SIZE        =     50    ----
   CONSTANT SIZE    =   ----    ----
   XDATA SIZE       =   ----    ----
   PDATA SIZE       =   ----    ----
   DATA SIZE        =   ----       1
   IDATA SIZE       =   ----    ----
   BIT SIZE         =   ----    ----
END OF MODULE INFORMATION.


C51 COMPILATION COMPLETE.  0 WARNING(S),  0 ERROR(S)
