C51 COMPILER V9.60.7.0   BUTTON_MATRIX_SCAN                                                01/19/2025 15:04:57 PAGE 1   


C51 COMPILER V9.60.7.0, COMPILATION OF MODULE BUTTON_MATRIX_SCAN
OBJECT MODULE PLACED IN .\Objects\button_matrix_scan.obj
COMPILER INVOKED BY: D:\Applications\Keil5-C51\C51\BIN\C51.EXE button_matrix_scan.c OPTIMIZE(8,SPEED) BROWSE DEBUG OBJEC
                    -TEXTEND PRINT(.\Listings\button_matrix_scan.lst) OBJECT(.\Objects\button_matrix_scan.obj)

line level    source

   1          #include "reg52.h"
   2          
   3          
   4          typedef unsigned char u8;
   5          typedef unsigned int u16;
   6          
   7          
   8          #define DIGITAL_TUBE_PORT P0
   9          u8 g_digital_tube_code[] = {0x3f, 0x06, 0x5b, 0x4f, 0x66, 0x6d, 0x7d, 0x07, 0x7f, 0x6f, 0x77, 0x7c, 0x39, 
             -0x5e, 0x79, 0x71};
  10          
  11          #define MATRIX_KEY_PORT P1
  12          
  13          
  14          void delay(u16 number) {
  15   1              while (number--);
  16   1      }
  17          
  18          
  19          u8 matrix_key_scan() {
  20   1              u8 key_value = 0;
  21   1              MATRIX_KEY_PORT = 0xf7;
  22   1              // unsigned char key_value = 0;
  23   1              
  24   1              if (MATRIX_KEY_PORT != 0xf7) {
  25   2                      delay(5000);
  26   2                      
  27   2                      switch(MATRIX_KEY_PORT) {
  28   3                              case 0x77:
  29   3                                      key_value = 1;
  30   3                                      break;
  31   3                              
  32   3                              case 0xb7:
  33   3                                      key_value = 5;
  34   3                                      break;
  35   3                              
  36   3                              case 0xd7:
  37   3                                      key_value = 9;
  38   3                                      break;
  39   3                              
  40   3                              case 0xe7:
  41   3                                      key_value = 13;
  42   3                                      break;
  43   3                      }
  44   2              }
  45   1              
  46   1              while (MATRIX_KEY_PORT != 0xf7);
  47   1              
  48   1              MATRIX_KEY_PORT = 0xfb;
  49   1              //u8 key_value = 0;
  50   1              
  51   1              if (MATRIX_KEY_PORT != 0xfb) {
  52   2                      delay(5000);
  53   2                      
C51 COMPILER V9.60.7.0   BUTTON_MATRIX_SCAN                                                01/19/2025 15:04:57 PAGE 2   

  54   2                      switch(MATRIX_KEY_PORT) {
  55   3                              case 0x7b:
  56   3                                      key_value = 2;
  57   3                                      break;
  58   3                              
  59   3                              case 0xbb:
  60   3                                      key_value = 6;
  61   3                                      break;
  62   3                              
  63   3                              case 0xdb:
  64   3                                      key_value = 10;
  65   3                                      break;
  66   3                              
  67   3                              case 0xeb:
  68   3                                      key_value = 14;
  69   3                                      break;
  70   3                      }
  71   2              }
  72   1              
  73   1              while (MATRIX_KEY_PORT != 0xfb);
  74   1              
  75   1              MATRIX_KEY_PORT = 0xfd;
  76   1              // u8 key_value = 0;
  77   1              
  78   1              if (MATRIX_KEY_PORT != 0xfd) {
  79   2                      delay(5000);
  80   2                      
  81   2                      switch(MATRIX_KEY_PORT) {
  82   3                              case 0x7d:
  83   3                                      key_value = 3;
  84   3                                      break;
  85   3                              
  86   3                              case 0xbd:
  87   3                                      key_value = 7;
  88   3                                      break;
  89   3                              
  90   3                              case 0xdd:
  91   3                                      key_value = 11;
  92   3                                      break;
  93   3                              
  94   3                              case 0xed:
  95   3                                      key_value = 15;
  96   3                                      break;
  97   3                      }
  98   2              }
  99   1              
 100   1              while (MATRIX_KEY_PORT != 0xfd);
 101   1              
 102   1              MATRIX_KEY_PORT = 0xfe;
 103   1              // u8 key_value = 0;
 104   1              
 105   1              if (MATRIX_KEY_PORT != 0xfe) {
 106   2                      delay(5000);
 107   2                      
 108   2                      switch(MATRIX_KEY_PORT) {
 109   3                              case 0x7e:
 110   3                                      key_value = 4;
 111   3                                      break;
 112   3                              
 113   3                              case 0xbe:
 114   3                                      key_value = 8;
 115   3                                      break;
C51 COMPILER V9.60.7.0   BUTTON_MATRIX_SCAN                                                01/19/2025 15:04:57 PAGE 3   

 116   3                              
 117   3                              case 0xde:
 118   3                                      key_value = 12;
 119   3                                      break;
 120   3                              
 121   3                              case 0xee:
 122   3                                      key_value = 16;
 123   3                                      break;
 124   3                      }
 125   2              }
 126   1              
 127   1              while (MATRIX_KEY_PORT != 0xfe);
 128   1              
 129   1              return key_value;
 130   1      }
 131          
 132          
 133          void main() {
 134   1              
 135   1              u8 key_value_returned = 0;
 136   1              
 137   1              while (1) {
 138   2                      key_value_returned = matrix_key_scan();
 139   2                      
 140   2                      DIGITAL_TUBE_PORT = g_digital_tube_code[key_value_returned - 1];
 141   2                      delay(10000);
 142   2              }
 143   1      }


MODULE INFORMATION:   STATIC OVERLAYABLE
   CODE SIZE        =    260    ----
   CONSTANT SIZE    =   ----    ----
   XDATA SIZE       =   ----    ----
   PDATA SIZE       =   ----    ----
   DATA SIZE        =     16       1
   IDATA SIZE       =   ----    ----
   BIT SIZE         =   ----    ----
END OF MODULE INFORMATION.


C51 COMPILATION COMPLETE.  0 WARNING(S),  0 ERROR(S)
