C51 COMPILER V9.60.7.0   MAIN                                                              10/21/2024 20:40:11 PAGE 1   


C51 COMPILER V9.60.7.0, COMPILATION OF MODULE MAIN
OBJECT MODULE PLACED IN .\Objects\main.obj
COMPILER INVOKED BY: D:\Applications\Keil5-C51\C51\BIN\C51.EXE main.c OPTIMIZE(8,SPEED) BROWSE DEBUG OBJECTEXTEND PRINT(
                    -.\Listings\main.lst) OBJECT(.\Objects\main.obj)

line level    source

   1          #include "reg52.h"
   2          #include "intrins.h"
   3          
   4          typedef unsigned char u8;
   5          typedef unsigned int u16;
   6          
   7          #define LED_PORT        P2
   8          
   9          void dealy(time) {
  10   1              while (time--);
  11   1      }
  12          
  13          void main() {
  14   1              u8 i = 0;
  15   1              
  16   1              LED_PORT = ~0x01;
  17   1              
  18   1              while (1) {
  19   2                      
  20   2                      for (i = 0 ; i < 7 ; ++i) {
  21   3                              
  22   3                              LED_PORT = _crol_(LED_PORT, 1);
  23   3                              dealy(50000);
  24   3                      }
  25   2                      
  26   2                      //for (i = 0 ; i < 7 ; ++i) {
  27   2                              LED_PORT = _cror_(LED_PORT, 1);
  28   2                              dealy(50000);
  29   2                      //}
  30   2                      
  31   2              }
  32   1      }


MODULE INFORMATION:   STATIC OVERLAYABLE
   CODE SIZE        =     56    ----
   CONSTANT SIZE    =   ----    ----
   XDATA SIZE       =   ----    ----
   PDATA SIZE       =   ----    ----
   DATA SIZE        =   ----    ----
   IDATA SIZE       =   ----    ----
   BIT SIZE         =   ----    ----
END OF MODULE INFORMATION.


C51 COMPILATION COMPLETE.  0 WARNING(S),  0 ERROR(S)
