C51 COMPILER V9.60.7.0   MAIN                                                              10/21/2024 20:11:38 PAGE 1   


C51 COMPILER V9.60.7.0, COMPILATION OF MODULE MAIN
OBJECT MODULE PLACED IN .\Objects\main.obj
COMPILER INVOKED BY: D:\Applications\Keil5-C51\C51\BIN\C51.EXE main.c OPTIMIZE(8,SPEED) BROWSE DEBUG OBJECTEXTEND PRINT(
                    -.\Listings\main.lst) OBJECT(.\Objects\main.obj)

line level    source

   1          #include "reg52.h"
   2          
   3          typedef unsigned char u8;
   4          typedef unsigned int u16;
   5          
   6          #define LED_PORT        P2
   7          
   8          void delay_10us(u16 time) {
   9   1              while (time--);
  10   1      }
  11          
  12          void main() {
  13   1              
  14   1              volatile u8 i = 0;
  15   1              
  16   1              while (1) {
  17   2                      
  18   2                      volatile u8 i = 0;
  19   2                      
  20   2                      for (i = 0 ; i < 8 ; ++i) {
  21   3                              LED_PORT = ~(0x1 << i);
  22   3                              delay_10us(50000);
  23   3                      }
  24   2                      
  25   2                      for (i = 6 ; i >= 0 ; --i) {
  26   3                              LED_PORT = ~(0x1 << i);
  27   3                              delay_10us(50000);
  28   3                      }
  29   2              }
  30   1      }


MODULE INFORMATION:   STATIC OVERLAYABLE
   CODE SIZE        =     81    ----
   CONSTANT SIZE    =   ----    ----
   XDATA SIZE       =   ----    ----
   PDATA SIZE       =   ----    ----
   DATA SIZE        =   ----       2
   IDATA SIZE       =   ----    ----
   BIT SIZE         =   ----    ----
END OF MODULE INFORMATION.


C51 COMPILATION COMPLETE.  0 WARNING(S),  0 ERROR(S)
