C51 COMPILER V9.60.7.0   BUTTON_SINGLE                                                     01/18/2025 17:35:21 PAGE 1   


C51 COMPILER V9.60.7.0, COMPILATION OF MODULE BUTTON_SINGLE
OBJECT MODULE PLACED IN .\Objects\button_single.obj
COMPILER INVOKED BY: D:\Applications\Keil5-C51\C51\BIN\C51.EXE button_single.c OPTIMIZE(8,SPEED) BROWSE DEBUG OBJECTEXTE
                    -ND PRINT(.\Listings\button_single.lst) OBJECT(.\Objects\button_single.obj)

line level    source

   1          #include "reg52.h"
   2          
   3          
   4          typedef unsigned char u8;
   5          typedef unsigned int u16;
   6          
   7          
   8          sbit KEY1 = P3^1;
   9          sbit KEY2 = P3^0;
  10          sbit KEY3 = P3^2;
  11          sbit KEY4 = P3^3;
  12          
  13          sbit LED1 = P2^0;
  14          
  15          
  16          #define DEFAULT_KEY1 1
  17          #define DEFAULT_KEY2 2
  18          #define DEFAULT_KEY3 3
  19          #define DEFAULT_KEY4 4
  20          #define DEFAULT_KEY_UNPRESSED 0
  21          
  22          
  23          void delay(u16 number) {
  24   1              while (number--);
  25   1      }
  26          
  27          
  28          unsigned char key_scan(u8 mode) {
  29   1              
  30   1              static u8 key = 1;
  31   1              
  32   1              if (mode) {
  33   2                      key = 1;
  34   2              }
  35   1              
  36   1              if (key == 1 && (KEY1 == 0 || KEY2 == 0 || KEY3 == 0 || KEY4 == 0)) {
  37   2                      delay(10000);
  38   2                      
  39   2                      key = 0;
  40   2                      
  41   2                      if (KEY1 == 0) {
  42   3                              return DEFAULT_KEY1;
  43   3                      }
  44   2                      else if (KEY2 == 0) {
  45   3                              return DEFAULT_KEY2;
  46   3                      }
  47   2                      else if (KEY3 == 0) {
  48   3                              return DEFAULT_KEY3;
  49   3                      }
  50   2                      else if (KEY4 == 0) {
  51   3                              return DEFAULT_KEY4;
  52   3                      }
  53   2              }
  54   1              else if (KEY1 == 0 && KEY2 == 0 && KEY3 == 0 && KEY4 == 0) {
C51 COMPILER V9.60.7.0   BUTTON_SINGLE                                                     01/18/2025 17:35:21 PAGE 2   

  55   2                      key = 1;
  56   2              }
  57   1              
  58   1              return DEFAULT_KEY_UNPRESSED;
  59   1      }
  60          
  61          
  62          void main() {
  63   1              
  64   1              u8 key = 0;
  65   1              
  66   1              while(1) {
  67   2                      key = key_scan(1);
  68   2                      
  69   2                      if (key == DEFAULT_KEY1) {
  70   3                              LED1 = !LED1;
  71   3                      }
  72   2              }
  73   1      }


MODULE INFORMATION:   STATIC OVERLAYABLE
   CODE SIZE        =     99    ----
   CONSTANT SIZE    =   ----    ----
   XDATA SIZE       =   ----    ----
   PDATA SIZE       =   ----    ----
   DATA SIZE        =      1    ----
   IDATA SIZE       =   ----    ----
   BIT SIZE         =   ----    ----
END OF MODULE INFORMATION.


C51 COMPILATION COMPLETE.  0 WARNING(S),  0 ERROR(S)
