C51 COMPILER V9.60.7.0   74HC595_LED_MATRIX                                                01/25/2025 12:18:25 PAGE 1   


C51 COMPILER V9.60.7.0, COMPILATION OF MODULE 74HC595_LED_MATRIX
OBJECT MODULE PLACED IN .\Objects\74HC595_Led_Matrix.obj
COMPILER INVOKED BY: D:\Applications\Keil5-C51\C51\BIN\C51.EXE 74HC595_Led_Matrix.c OPTIMIZE(8,SPEED) BROWSE DEBUG OBJEC
                    -TEXTEND PRINT(.\Listings\74HC595_Led_Matrix.lst) OBJECT(.\Objects\74HC595_Led_Matrix.obj)

line level    source

   1          #include "reg52.h"
   2          
   3          
   4          typedef unsigned char u8;
   5          typedef unsigned int u16;
   6          
   7          
   8          sbit SRCLK = P3^6;
   9          sbit rCLK = P3^5;
  10          sbit SER = P3^4;
  11          
  12          #define COLUMN_LED_MATRIX_PORT P0
  13          
  14          u8 g_hc595_send_buffer[] = {0x01, 0x02, 0x04, 0x08, 0x10, 0x20, 0x40, 0x80};
  15          
  16          
  17          void delay(u16 number) {
  18   1              while (--number);
  19   1      }
  20          
  21          
  22          void hc595_write_data(u8 input) {
  23   1              u8 i = 0;
  24   1              
  25   1              for (i = 0 ; i < 8 ; i++) {
  26   2                      SER = input >> 7;
  27   2                      input = input << 1;
  28   2                      SRCLK = 0;
  29   2                      delay(1);
  30   2                      SRCLK = 1;
  31   2                      delay(1);
  32   2              }
  33   1              
  34   1              rCLK = 0;
  35   1              delay(1); 
  36   1              rCLK = 1;
  37   1              delay(1);
  38   1      }
  39          
  40          
  41          void main() {
  42   1              
  43   1              u8 i = 0;
  44   1              
  45   1              COLUMN_LED_MATRIX_PORT = 0x00;
  46   1              
  47   1              while (1) {
  48   2                      for (i = 0 ; i < 8 ; i++) {
  49   3                              hc595_write_data(0x00);
  50   3                              hc595_write_data(g_hc595_send_buffer[i]);
  51   3                              delay(10000);
  52   3                      }
  53   2              }
  54   1      }
C51 COMPILER V9.60.7.0   74HC595_LED_MATRIX                                                01/25/2025 12:18:25 PAGE 2   



MODULE INFORMATION:   STATIC OVERLAYABLE
   CODE SIZE        =     93    ----
   CONSTANT SIZE    =   ----    ----
   XDATA SIZE       =   ----    ----
   PDATA SIZE       =   ----    ----
   DATA SIZE        =      8    ----
   IDATA SIZE       =   ----    ----
   BIT SIZE         =   ----    ----
END OF MODULE INFORMATION.


C51 COMPILATION COMPLETE.  0 WARNING(S),  0 ERROR(S)
